2019-04-04 11:07:19,651 INFO  EadminApplication:18 - iniciando aplicacion
2019-04-04 11:07:19,651 TRACE EadminApplication:21 - documentoContable creado correctamente
2019-04-04 11:07:22,462 INFO  EadminApplication:23 - finalizando servicios
2019-04-04 11:07:35,086 DEBUG EadminApplication:49 - 
****************************************************
 documento creado correctamente
 id: 1
 Nombre: nombre 2
 Usuario: Usuario [id=2, cargo=Usuario2, nombre=cargo2]
 fecha: Thu Apr 04 11:07:35 CEST 2019
 tipo de documento: DOCUMENTO_CONTABLE
****************************************************
2019-04-04 11:07:35,088 INFO  EadminApplication:60 - Documento creado correctamente
2019-04-04 11:07:35,089 INFO  EadminApplication:64 - El documento ya existe
2019-04-04 12:21:21,216 INFO  EadminApplication:18 - iniciando aplicacion
2019-04-04 12:21:21,216 TRACE EadminApplication:21 - documentoContable creado correctamente
2019-04-04 12:21:24,287 INFO  EadminApplication:23 - finalizando servicios
2019-04-04 12:21:24,604 INFO  EadminApplication:64 - El documento ya existe
2019-04-04 12:21:26,264 INFO  EadminApplication:64 - El documento ya existe
2019-04-04 12:21:27,002 INFO  EadminApplication:64 - El documento ya existe
2019-04-04 12:21:27,661 INFO  EadminApplication:64 - El documento ya existe
